
 ##################################################################################
 # [fnlo-tk-yodaout] fastNLO YODA Writer
 #---------------------------------------------------------------------------------
 # [fnlo-tk-yodaout] Evaluating table: InclusiveNJetEvents_fnl5662i_v23_fix_norm.tab
 # [fnlo-tk-yodaout] Using PDF set   : CT14nlo
 # [fnlo-tk-yodaout] Showing pairwise asymmetric Hessian PDF uncertainty rescaled to CL68 (--> CTEQ PDFs).
 # [fnlo-tk-yodaout] Deriving NLO cross sections for comparison.
 # [fnlo-tk-yodaout] Normalizing cross sections. 
 ##################################################################################

 ##################################################################################
 #
 # [0;31mfast[0;34mNLO[0m_toolkit
 # Version 2.3.1pre_2200
 #
 # C++ program and toolkit to read and create fastNLO v2 tables and
 # derive QCD cross sections using PDFs, e.g. from LHAPDF
 #
 #---------------------------------------------------------------------------------
 #
 # Copyright © 2005-2015 [0;31mfast[0;34mNLO[0m Collaboration
 # D. Britzger, T. Kluge, K. Rabbertz, F. Stober, G. Sieber, M. Wobisch
 #
 # This program is free software: you can redistribute it and/or modify
 # it under the terms of the GNU General Public License as published by
 # the Free Software Foundation, either version 3 of the License, or
 # (at your option) any later version.
 #
 # This program is distributed in the hope that it will be useful,
 # but WITHOUT ANY WARRANTY; without even the implied warranty of
 # MERCHANTABILITY or FITNESS FOR A PARTICULAR PURPOSE. See the
 # GNU General Public License for more details.
 #
 # You should have received a copy of the GNU General Public License
 # along with this program. If not, see <http://www.gnu.org/licenses/>.
 #
 #---------------------------------------------------------------------------------
 #
 # The projects web page can be found at:
 #   http://projects.hepforge.org/fastnlo
 #
 # If you use this code, please cite:
 #   T. Kluge, K. Rabbertz, M. Wobisch, hep-ph/0609285
 #   D. Britzger, T. Kluge, K. Rabbertz, F. Stober, M. Wobisch, arXiv:1109.1310
 #
 ##################################################################################
LHAPDF 6.1.5 loading /home/rabbertz/local/share/LHAPDF/CT14nlo/CT14nlo_0000.dat
CT14nlo PDF set, member #0, version 1; LHAPDF ID = -1
LHAPDF 6.1.5 loading /home/rabbertz/local/share/LHAPDF/CT14nlo/CT14nlo_0000.dat
CT14nlo PDF set, member #0, version 1; LHAPDF ID = -1

 ##################################################################################
 # Overview on contribution types and numbers contained in table:
 #---------------------------------------------------------------------------------
 # Number of contributions:  2
 #   No.: 1, type: Fixed order calculation, Id: 0, order: LO, by: NLOJet++_4.1.3
 #   No.: 2, type: Fixed order calculation, Id: 1, order: NLO, by: NLOJet++_4.1.3
 ##################################################################################
 ##################################################################################
 # fnlo-tk-yodaout: Evaluating uncertainties
 ##################################################################################
 #=================================================================================
 # Relative PDF Uncertainties (HC)
 #---------------------------------------------------------------------------------
 # bin      cross section           lower uncertainty       upper uncertainty
 #---------------------------------------------------------------------------------
    1       7.54647596192E-02      -1.18477475053E-03       1.53503450947E-03
    2       6.30321171389E-02      -6.25683698874E-04       7.68679868674E-04
    3       6.18354967110E-02      -4.02421303789E-04       4.04823719775E-04
    4       6.24599927711E-02      -3.14040085383E-04       2.99155874098E-04
    5       6.32366686225E-02      -3.22333987147E-04       2.96325810434E-04
    6       6.43273694511E-02      -2.75379426559E-04       2.42737132792E-04
    7       6.50735161899E-02      -2.63439595869E-04       2.15708472244E-04
    8       6.58792571642E-02      -1.89644420134E-04       1.59891066423E-04
    9       6.67731891067E-02      -3.10145626789E-04       2.34283645270E-04
   10       6.75364299342E-02      -2.53038991780E-04       2.14798758412E-04
   11       6.89108864614E-02      -4.19563717204E-04       3.90917306078E-04
   12       6.95115002170E-02      -4.37460091215E-04       3.91377664339E-04
   13       7.44438229022E-02      -1.36601217070E-03       1.75869078862E-03
   14       6.24510811312E-02      -6.13300917627E-04       7.38606878137E-04
   15       6.17108841529E-02      -3.89799100695E-04       3.83145759077E-04
   16       6.22825357244E-02      -4.28490569173E-04       3.73227495421E-04
   17       6.31262487093E-02      -4.44483500335E-04       3.67299458872E-04
   18       6.43762948133E-02      -4.15678471615E-04       3.29801252886E-04
   19       6.48749988239E-02      -2.78907474373E-04       2.17276119647E-04
   20       6.60857254656E-02      -2.89482305980E-04       2.30289537215E-04
   21       6.65182687750E-02      -1.88094391197E-04       1.81745691836E-04
   22       6.77706007706E-02      -3.22996477634E-04       2.63070907822E-04
   23       6.96583726383E-02      -3.98791363960E-04       3.44330184809E-04
   24       6.96360963423E-02      -3.88280595079E-04       4.16866598350E-04
   25       7.36032184740E-02      -1.69188972684E-03       2.21876976586E-03
   26       6.22318013756E-02      -7.22099804915E-04       8.47338481454E-04
   27       6.15480934947E-02      -4.64245102616E-04       4.26937807639E-04
   28       6.24390781131E-02      -5.64577394525E-04       4.73761099090E-04
   29       6.34864599424E-02      -6.04569514317E-04       4.83200533572E-04
   30       6.41625130867E-02      -4.43083906473E-04       3.37359426697E-04
   31       6.51334645846E-02      -6.34498533655E-04       4.82827726993E-04
   32       6.61966922467E-02      -2.47145193009E-04       2.07259747011E-04
   33       6.68052208665E-02      -4.64618334177E-04       3.34410735602E-04
   34       6.79253096823E-02      -2.43011433245E-04       2.35828572870E-04
   35       6.88230809898E-02      -3.28068501528E-04       3.35676992158E-04
   36       7.04483382357E-02      -3.88036775143E-04       4.19672319139E-04
   37       7.31541852179E-02      -2.12846177376E-03       2.90950030400E-03
   38       6.20574741709E-02      -8.63857247137E-04       1.04821811276E-03
   39       6.15613190084E-02      -6.60515617538E-04       6.17473085697E-04
   40       6.24343080414E-02      -7.32143472374E-04       6.03727953850E-04
   41       6.34726208009E-02      -6.84798269800E-04       5.25475728224E-04
   42       6.45601118282E-02      -9.12649187598E-04       6.67773247782E-04
   43       6.54512699537E-02      -6.90831467645E-04       5.01058421668E-04
   44       6.63790583210E-02      -6.06435581780E-04       4.33059970217E-04
   45       6.64430676707E-02      -3.10031800707E-04       2.84155731325E-04
   46       6.76931739122E-02      -3.76295831109E-04       3.11406716233E-04
   47       6.87886531192E-02      -4.49850870431E-04       4.56396385270E-04
   48       7.07614654620E-02      -5.28074501846E-04       5.62595021682E-04
   49       7.26507132862E-02      -2.56894637595E-03       3.66588060020E-03
   50       6.20037732872E-02      -1.06382330178E-03       1.40754082315E-03
   51       6.16790444483E-02      -6.51799055572E-04       6.69015684249E-04
   52       6.27918627228E-02      -8.31514775320E-04       6.89921315721E-04
   53       6.37674131301E-02      -8.17250483687E-04       6.09371624018E-04
   54       6.44575876035E-02      -6.62519078796E-04       4.62322011590E-04
   55       6.53630852264E-02      -8.96970599722E-04       6.08475359264E-04
   56       6.60835520522E-02      -5.71414472564E-04       4.21392264583E-04
   57       6.66383979236E-02      -6.86708905295E-04       4.79994453501E-04
   58       6.79683806868E-02      -5.31882520993E-04       4.20475732809E-04
   59       6.89382430999E-02      -4.61207224127E-04       4.11713254633E-04
   60       7.03756613732E-02      -7.25033150923E-04       7.01619328933E-04
   61       7.25681439473E-02      -2.99229675291E-03       4.44536038752E-03
   62       6.22452498540E-02      -1.26230300642E-03       1.73861555917E-03
   63       6.20570382809E-02      -7.36578717304E-04       7.84467410286E-04
   64       6.26472833386E-02      -7.87736919469E-04       6.89135735287E-04
   65       6.37045074407E-02      -1.09180838245E-03       8.26477909137E-04
   66       6.51942162378E-02      -1.03424871155E-03       7.34695229890E-04
   67       6.47182693161E-02      -7.48426932323E-04       5.23816636212E-04
   68       6.65040522318E-02      -5.49282722406E-04       3.45989489790E-04
   69       6.73699360137E-02      -7.74366575325E-04       5.10553228893E-04
   70       6.80223808803E-02      -5.62982528222E-04       4.84567900299E-04
   71       6.89868134979E-02      -7.27069531623E-04       5.45763186822E-04
   72       6.94864572913E-02      -8.12462792283E-04       7.34713388576E-04
   73       7.24661771868E-02      -3.44662852432E-03       5.23101457366E-03
   74       6.23678731616E-02      -1.50837974083E-03       2.13344788444E-03
   75       6.22002873191E-02      -1.00920809420E-03       1.07231166310E-03
   76       6.32652873308E-02      -1.06021194031E-03       8.90400336289E-04
   77       6.40515535607E-02      -1.14043887792E-03       7.93362413289E-04
   78       6.48541407475E-02      -1.30768678630E-03       8.48007756046E-04
   79       6.58252738379E-02      -9.33114367867E-04       6.18000613668E-04
   80       6.64036603433E-02      -1.17203399215E-03       7.31042291188E-04
   81       6.82009303619E-02      -1.03756091278E-03       6.61137148982E-04
   82       6.77850660412E-02      -7.96568959537E-04       5.59839118331E-04
   83       6.80659107989E-02      -8.72031506331E-04       7.67947322171E-04
   84       6.93314312352E-02      -1.14461881911E-03       1.07806727390E-03
 #---------------------------------------------------------------------------------
 # WARNING! [fnlo-tk-yodaout] No Rivet ID found in fastNLO Table, no YODA formatted output possible, exiting!
