
 ##################################################################################
 # [fnlo-tk-yodaout] fastNLO YODA Writer
 #---------------------------------------------------------------------------------
 # [fnlo-tk-yodaout] Evaluating table: InclusiveNJetEvents_fnl5662i_v23_fix_norm.tab
 # [fnlo-tk-yodaout] Using PDF set   : CT14nlo
 # [fnlo-tk-yodaout] Showing uncertainty from asymmetric 6-point scale factor variation.
 # [fnlo-tk-yodaout] Deriving NLO cross sections for comparison.
 # [fnlo-tk-yodaout] Normalizing cross sections. 
 ##################################################################################

 ##################################################################################
 #
 # [0;31mfast[0;34mNLO[0m_toolkit
 # Version 2.3.1pre_2200
 #
 # C++ program and toolkit to read and create fastNLO v2 tables and
 # derive QCD cross sections using PDFs, e.g. from LHAPDF
 #
 #---------------------------------------------------------------------------------
 #
 # Copyright © 2005-2015 [0;31mfast[0;34mNLO[0m Collaboration
 # D. Britzger, T. Kluge, K. Rabbertz, F. Stober, G. Sieber, M. Wobisch
 #
 # This program is free software: you can redistribute it and/or modify
 # it under the terms of the GNU General Public License as published by
 # the Free Software Foundation, either version 3 of the License, or
 # (at your option) any later version.
 #
 # This program is distributed in the hope that it will be useful,
 # but WITHOUT ANY WARRANTY; without even the implied warranty of
 # MERCHANTABILITY or FITNESS FOR A PARTICULAR PURPOSE. See the
 # GNU General Public License for more details.
 #
 # You should have received a copy of the GNU General Public License
 # along with this program. If not, see <http://www.gnu.org/licenses/>.
 #
 #---------------------------------------------------------------------------------
 #
 # The projects web page can be found at:
 #   http://projects.hepforge.org/fastnlo
 #
 # If you use this code, please cite:
 #   T. Kluge, K. Rabbertz, M. Wobisch, hep-ph/0609285
 #   D. Britzger, T. Kluge, K. Rabbertz, F. Stober, M. Wobisch, arXiv:1109.1310
 #
 ##################################################################################
LHAPDF 6.1.5 loading /home/rabbertz/local/share/LHAPDF/CT14nlo/CT14nlo_0000.dat
CT14nlo PDF set, member #0, version 1; LHAPDF ID = -1
LHAPDF 6.1.5 loading /home/rabbertz/local/share/LHAPDF/CT14nlo/CT14nlo_0000.dat
CT14nlo PDF set, member #0, version 1; LHAPDF ID = -1

 ##################################################################################
 # Overview on contribution types and numbers contained in table:
 #---------------------------------------------------------------------------------
 # Number of contributions:  2
 #   No.: 1, type: Fixed order calculation, Id: 0, order: LO, by: NLOJet++_4.1.3
 #   No.: 2, type: Fixed order calculation, Id: 1, order: NLO, by: NLOJet++_4.1.3
 ##################################################################################
 ##################################################################################
 # fnlo-tk-yodaout: Evaluating uncertainties
 ##################################################################################
 #=================================================================================
 # Relative Scale Uncertainties (6P)
 #---------------------------------------------------------------------------------
 # bin      cross section           lower uncertainty       upper uncertainty
 #---------------------------------------------------------------------------------
    1       7.54647596192E-02      -2.86470979698E-02       7.95817075774E-02
    2       6.30321171389E-02      -2.38469434142E-02       6.74057288291E-02
    3       6.18354967110E-02      -1.83502812929E-02       5.28925483987E-02
    4       6.24599927711E-02      -1.38100644243E-02       4.02925458226E-02
    5       6.32366686225E-02      -8.89369448092E-03       2.66900437252E-02
    6       6.43273694511E-02      -5.56754072288E-03       1.67839719141E-02
    7       6.50735161899E-02      -1.25287964372E-03       4.65939476042E-03
    8       6.58792571642E-02      -5.15655531275E-03       2.11136043533E-03
    9       6.67731891067E-02      -1.30072693169E-02       4.66281581487E-03
   10       6.75364299342E-02      -2.81879078339E-02       1.00037506950E-02
   11       6.89108864614E-02      -4.16883963589E-02       1.43386014396E-02
   12       6.95115002170E-02      -6.00697282428E-02       2.07625679436E-02
   13       7.44438229022E-02      -3.14824706805E-02       8.72125198108E-02
   14       6.24510811312E-02      -2.53490635469E-02       7.18562525742E-02
   15       6.17108841529E-02      -2.00711422739E-02       5.76018510642E-02
   16       6.22825357244E-02      -1.43017373053E-02       4.19389622551E-02
   17       6.31262487093E-02      -8.90622507279E-03       2.71538326054E-02
   18       6.43762948133E-02      -5.66999747778E-03       1.74467734837E-02
   19       6.48749988239E-02      -2.84617985922E-04       2.05448887037E-03
   20       6.60857254656E-02      -5.00881034456E-03       2.13133143309E-03
   21       6.65182687750E-02      -1.83106868281E-02       6.91944144618E-03
   22       6.77706007706E-02      -2.95797376630E-02       1.04656215414E-02
   23       6.96583726383E-02      -3.92254763646E-02       1.30556881036E-02
   24       6.96360963423E-02      -6.52978759580E-02       2.25799040898E-02
   25       7.36032184740E-02      -3.60729666708E-02       9.89715068037E-02
   26       6.22318013756E-02      -2.89802378310E-02       8.14890169147E-02
   27       6.15480934947E-02      -2.21127717812E-02       6.35653781689E-02
   28       6.24390781131E-02      -1.64465124760E-02       4.80000162293E-02
   29       6.34864599424E-02      -1.11132987936E-02       3.30181854857E-02
   30       6.41625130867E-02      -4.99625022118E-03       1.61828301491E-02
   31       6.51334645846E-02      -6.14601239452E-04       3.48026705426E-03
   32       6.61966922467E-02      -5.99487276059E-03       2.49505157776E-03
   33       6.68052208665E-02      -1.84065024310E-02       6.82994513753E-03
   34       6.79253096823E-02      -3.24178694053E-02       1.15087051821E-02
   35       6.88230809898E-02      -5.42944431503E-02       1.90855972761E-02
   36       7.04483382357E-02      -6.47464130023E-02       2.20066642602E-02
   37       7.31541852179E-02      -4.17513734271E-02       1.13940349013E-01
   38       6.20574741709E-02      -3.27637385815E-02       9.16313945033E-02
   39       6.15613190084E-02      -2.47980234795E-02       7.08070057124E-02
   40       6.24343080414E-02      -1.79164177926E-02       5.22742349563E-02
   41       6.34726208009E-02      -1.16874137234E-02       3.51646417090E-02
   42       6.45601118282E-02      -6.46375157877E-03       2.03335395816E-02
   43       6.54512699537E-02      -1.51432179151E-03       6.14773752048E-03
   44       6.63790583210E-02      -6.33704931052E-03       2.71992800931E-03
   45       6.64430676707E-02      -2.56101901208E-02       9.77276420091E-03
   46       6.76931739122E-02      -4.01438512410E-02       1.44580104611E-02
   47       6.87886531192E-02      -6.11012689423E-02       2.14936654092E-02
   48       7.07614654620E-02      -6.80318377660E-02       2.29406626908E-02
   49       7.26507132862E-02      -4.70374169407E-02       1.28276079744E-01
   50       6.20037732872E-02      -3.69403622773E-02       1.03235708022E-01
   51       6.16790444483E-02      -2.79451527665E-02       7.96031213193E-02
   52       6.27918627228E-02      -2.09141373372E-02       6.02413065921E-02
   53       6.37674131301E-02      -1.37027240450E-02       4.03992021358E-02
   54       6.44575876035E-02      -6.25218625783E-03       2.00244232384E-02
   55       6.53630852264E-02      -6.67319976975E-04       4.19141319280E-03
   56       6.60835520522E-02      -1.19256378996E-02       5.02452339906E-03
   57       6.66383979236E-02      -2.70904478939E-02       1.03315625755E-02
   58       6.79683806868E-02      -4.14462613744E-02       1.48821971985E-02
   59       6.89382430999E-02      -6.54913009462E-02       2.29608991713E-02
   60       7.03756613732E-02      -8.02590625103E-02       2.73936678330E-02
   61       7.25681439473E-02      -5.37494766627E-02       1.47033566850E-01
   62       6.22452498540E-02      -4.23795580084E-02       1.18630537704E-01
   63       6.20570382809E-02      -3.22605603022E-02       9.20455064044E-02
   64       6.26472833386E-02      -2.20031201882E-02       6.44870085159E-02
   65       6.37045074407E-02      -1.40792286039E-02       4.23424970845E-02
   66       6.51942162378E-02      -9.61391602434E-03       2.87456729778E-02
   67       6.47182693161E-02      -3.98250394699E-03       2.59633120815E-03
   68       6.65040522318E-02      -8.74729520143E-03       3.60685406781E-03
   69       6.73699360137E-02      -2.22743796285E-02       8.15560525597E-03
   70       6.80223808803E-02      -4.51433747160E-02       1.60561231530E-02
   71       6.89868134979E-02      -7.24938652587E-02       2.52994057546E-02
   72       6.94864572913E-02      -9.99745269914E-02       3.46124511024E-02
   73       7.24661771868E-02      -6.01244255871E-02       1.65990549332E-01
   74       6.23678731616E-02      -4.71861523130E-02       1.33014948052E-01
   75       6.22002873191E-02      -3.55990792537E-02       1.02337840728E-01
   76       6.32652873308E-02      -2.61340340757E-02       7.63996548877E-02
   77       6.40515535607E-02      -1.66741535254E-02       5.01452979301E-02
   78       6.48541407475E-02      -8.17778270431E-03       2.61253690878E-02
   79       6.58252738379E-02      -2.04590531511E-03       8.01082671679E-03
   80       6.64036603433E-02      -1.21193990264E-02       4.88775173305E-03
   81       6.82009303619E-02      -1.63688312291E-02       5.63145501349E-03
   82       6.77850660412E-02      -5.40762847852E-02       1.91076283141E-02
   83       6.80659107989E-02      -9.12268240766E-02       3.19817197304E-02
   84       6.93314312352E-02      -1.10237460752E-01       3.78456749640E-02
 #---------------------------------------------------------------------------------
 # WARNING! [fnlo-tk-yodaout] No Rivet ID found in fastNLO Table, no YODA formatted output possible, exiting!
