
 ##################################################################################
 # [fnlo-read] fastNLO Reader
 #---------------------------------------------------------------------------------
 # [fnlo-read] Evaluating table: InclusiveNJetEvents_fnl5662i_v23_fix_norm.tab
 # [fnlo-read] Using PDF set   : CT14nlo
 # [fnlo-read] No request given for number of scale settings,
 #             investigating primary scale only.
 # [fnlo-read] No request given for alpha_s evolution code,
 #             using GRV default.
 # [fnlo-read] Preparing unnormalized cross sections,
 ##################################################################################

 ##################################################################################
 #
 # [0;31mfast[0;34mNLO[0m_toolkit
 # Version 2.3.1pre_2200
 #
 # C++ program and toolkit to read and create fastNLO v2 tables and
 # derive QCD cross sections using PDFs, e.g. from LHAPDF
 #
 #---------------------------------------------------------------------------------
 #
 # Copyright © 2005-2015 [0;31mfast[0;34mNLO[0m Collaboration
 # D. Britzger, T. Kluge, K. Rabbertz, F. Stober, G. Sieber, M. Wobisch
 #
 # This program is free software: you can redistribute it and/or modify
 # it under the terms of the GNU General Public License as published by
 # the Free Software Foundation, either version 3 of the License, or
 # (at your option) any later version.
 #
 # This program is distributed in the hope that it will be useful,
 # but WITHOUT ANY WARRANTY; without even the implied warranty of
 # MERCHANTABILITY or FITNESS FOR A PARTICULAR PURPOSE. See the
 # GNU General Public License for more details.
 #
 # You should have received a copy of the GNU General Public License
 # along with this program. If not, see <http://www.gnu.org/licenses/>.
 #
 #---------------------------------------------------------------------------------
 #
 # The projects web page can be found at:
 #   http://projects.hepforge.org/fastnlo
 #
 # If you use this code, please cite:
 #   T. Kluge, K. Rabbertz, M. Wobisch, hep-ph/0609285
 #   D. Britzger, T. Kluge, K. Rabbertz, F. Stober, M. Wobisch, arXiv:1109.1310
 #
 ##################################################################################

 ##################################################################################
 # Overview on contribution types and numbers contained in table:
 #---------------------------------------------------------------------------------
 # Number of contributions:  2
 #   No.: 1, type: Fixed order calculation, Id: 0, order: LO, by: NLOJet++_4.1.3
 #   No.: 2, type: Fixed order calculation, Id: 1, order: NLO, by: NLOJet++_4.1.3
 ##################################################################################

 ##################################################################################
 # Information on fastNLO scenario: fnl5662i_v23_fix
 #---------------------------------------------------------------------------------
 # Description:
 #   d2sigma-dijet_dChi_dMjj_[pb_GeV]
 #   CMS_Collaboration
 #   Dijet_Chi
 #   anti-kT_R=0.4
 #   THEORY_LABEL=NLOJet++
 #   provided by:
 #   fastNLO_2.3.1
 #   If you use this table, please cite:
 #     D. Britzger, T. Kluge, K. Rabbertz, F. Stober, M. Wobisch, arXiv:1109.1310
 #
 # Centre-of-mass energy Ecms:  1.300e+04 GeV
 #
 # Tot. no. of observable bins:  84 in 2 dimensions:
 #
 # No. of contributions: 2
 # Contribution 1:
 #   LO
 #   No. of events:      30000000000.
 #   provided by:
 #   NLOJet++_4.1.3
 #   Z. Nagy, Phys. Rev. Lett. 88 (2002) 122003,
 #   Z. Nagy, Phys. Rev. D 68 (2003) 094002.
 #   Scale dimensions: 1
 #     Scale description for dimension 1:          <pT_1,2>_[GeV]
 #     Number of scale variations for dimension 1: 1
 #     Available scale settings for dimension 1:
 #       Scale factor number 1:                       1.0000
 #     Number of scale nodes for dimension 1:      6
 #   PDF dimensions: 2
 #     x-interpolation storage format: Half-Matrix
 #     Number of x1 nodes range from 15 to 15
 # Contribution 2:
 #   NLO
 #   No. of events:      32300000000.
 #   provided by:
 #   NLOJet++_4.1.3
 #   Z. Nagy, Phys. Rev. Lett. 88 (2002) 122003,
 #   Z. Nagy, Phys. Rev. D 68 (2003) 094002.
 #   Scale dimensions: 1
 #     Scale description for dimension 1:          <pT_1,2>_[GeV]
 #     Number of scale variations for dimension 1: 3
 #     Available scale settings for dimension 1:
 #       Scale factor number 1:                       1.0000
 #       Scale factor number 2:                       0.5000
 #       Scale factor number 3:                       2.0000
 #     Number of scale nodes for dimension 1:      6
 #   PDF dimensions: 2
 #     x-interpolation storage format: Half-Matrix
 #     Number of x1 nodes range from 15 to 15
 #
 ##################################################################################
LHAPDF 6.1.5 loading /home/rabbertz/local/share/LHAPDF/CT14nlo/CT14nlo_0000.dat
CT14nlo PDF set, member #0, version 1; LHAPDF ID = -1
LHAPDF 6.1.5 loading /home/rabbertz/local/share/LHAPDF/CT14nlo/CT14nlo_0000.dat
CT14nlo PDF set, member #0, version 1; LHAPDF ID = -1

 ##################################################################################
 # [ALPHAS-GRV] First call:
 ##################################################################################
 # [ALPHAS-GRV] PI              =  3.141592653589793
 # [ALPHAS-GRV] M_Z/GeV         = 91.187600
 # [ALPHAS-GRV] a_s(M_Z)        =  0.118400
 # [ALPHAS-GRV] a_s loop        =  2
 # [ALPHAS-GRV] flavor-matching =    F
 # [ALPHAS-GRV] nf (M_Z)        =  5
 ##################################################################################

 ##################################################################################################################################################################
 # [fnlo-read] Calculate my cross sections
 ##################################################################################################################################################################
 #=================================================================================================================================================================
 # My Cross Sections
 # The scale factors xmur, xmuf chosen here are:      1.000,      1.000
 #-----------------------------------------------------------------------------------------------------------------------------------------------------------------
 #IObs  Bin Size IODimO  [ Mjj_[GeV]         ]  IODimI  [ Chi               ]  <<pT_1,2>_[Ge>  LO cross section   NLO cross section   KNLO
 #-----------------------------------------------------------------------------------------------------------------------------------------------------------------
     1  500.0         1   1900.       2400.          1   1.000       2.000      1025.          7.64454512750E-03  7.43525178219E-03   0.97262
     2  500.0         1   1900.       2400.          2   2.000       3.000      947.1          6.52825130914E-03  6.21025628278E-03   0.95129
     3  500.0         1   1900.       2400.          3   3.000       4.000      871.7          6.56102304555E-03  6.09229950584E-03   0.92856
     4  500.0         1   1900.       2400.          4   4.000       5.000      808.7          6.75929018610E-03  6.15377511827E-03   0.91042
     5  500.0         1   1900.       2400.          5   5.000       6.000      756.8          6.98246152472E-03  6.23014625175E-03   0.89226
     6  500.0         1   1900.       2400.          6   6.000       7.000      713.1          7.20262452558E-03  6.33752426687E-03   0.87989
     7  500.0         1   1900.       2400.          7   7.000       8.000      676.3          7.40662775978E-03  6.41089446905E-03   0.86556
     8  500.0         1   1900.       2400.          8   8.000       9.000      643.9          7.60105344810E-03  6.49018906310E-03   0.85385
     9  500.0         1   1900.       2400.          9   9.000       10.00      616.1          7.77728775939E-03  6.57824736113E-03   0.84583
    10  1000.         1   1900.       2400.         10   10.00       12.00      580.8          8.01940713655E-03  6.65329775363E-03   0.82965
    11  1000.         1   1900.       2400.         11   12.00       14.00      540.9          8.31179876433E-03  6.78867341419E-03   0.81675
    12  1000.         1   1900.       2400.         12   14.00       16.00      508.8          8.57041845810E-03  6.84758001916E-03   0.79898
    13  600.0         2   2400.       3000.          1   1.000       2.000      1286.          1.50777412982E-03  1.49728501994E-03   0.99304
    14  600.0         2   2400.       3000.          2   2.000       3.000      1188.          1.30083990782E-03  1.25603507102E-03   0.96556
    15  600.0         2   2400.       3000.          3   3.000       4.000      1093.          1.31657472263E-03  1.24111631686E-03   0.94269
    16  600.0         2   2400.       3000.          4   4.000       5.000      1014.          1.36152171944E-03  1.25258013334E-03   0.91999
    17  600.0         2   2400.       3000.          5   5.000       6.000      949.4          1.41054572677E-03  1.26952266214E-03   0.90002
    18  600.0         2   2400.       3000.          6   6.000       7.000      894.5          1.45778349267E-03  1.29466368587E-03   0.88810
    19  600.0         2   2400.       3000.          7   7.000       8.000      848.0          1.50222214920E-03  1.30465380967E-03   0.86848
    20  600.0         2   2400.       3000.          8   8.000       9.000      807.7          1.54237903349E-03  1.32900841499E-03   0.86166
    21  600.0         2   2400.       3000.          9   9.000       10.00      772.8          1.57985098225E-03  1.33766685834E-03   0.84670
    22  1200.         2   2400.       3000.         10   10.00       12.00      728.0          1.63211850330E-03  1.36282930956E-03   0.83501
    23  1200.         2   2400.       3000.         11   12.00       14.00      678.5          1.69425961089E-03  1.40079472968E-03   0.82679
    24  1200.         2   2400.       3000.         12   14.00       16.00      637.4          1.74887521661E-03  1.40025239626E-03   0.80066
    25  600.0         3   3000.       3600.          1   1.000       2.000      1583.          3.02017945659E-04  3.06670823957E-04   1.01541
    26  600.0         3   3000.       3600.          2   2.000       3.000      1462.          2.63673129941E-04  2.59284065842E-04   0.98335
    27  600.0         3   3000.       3600.          3   3.000       4.000      1346.          2.68849697243E-04  2.56429275648E-04   0.95380
    28  600.0         3   3000.       3600.          4   4.000       5.000      1248.          2.79430221962E-04  2.60135845967E-04   0.93095
    29  600.0         3   3000.       3600.          5   5.000       6.000      1168.          2.90448758486E-04  2.64491573666E-04   0.91063
    30  600.0         3   3000.       3600.          6   6.000       7.000      1101.          3.00781007728E-04  2.67296631446E-04   0.88868
    31  600.0         3   3000.       3600.          7   7.000       8.000      1043.          3.10479663305E-04  2.71335423492E-04   0.87392
    32  600.0         3   3000.       3600.          8   8.000       9.000      994.2          3.19353294774E-04  2.75762330237E-04   0.86350
    33  600.0         3   3000.       3600.          9   9.000       10.00      950.9          3.27632808639E-04  2.78291556266E-04   0.84940
    34  1200.         3   3000.       3600.         10   10.00       12.00      896.0          3.38752904122E-04  2.82954120467E-04   0.83528
    35  1200.         3   3000.       3600.         11   12.00       14.00      835.1          3.52270327786E-04  2.86683527433E-04   0.81382
    36  1200.         3   3000.       3600.         12   14.00       16.00      784.7          3.64199737666E-04  2.93454051972E-04   0.80575
    37  600.0         4   3600.       4200.          1   1.000       2.000      1877.          6.95987190415E-05  7.24818921482E-05   1.04143
    38  600.0         4   3600.       4200.          2   2.000       3.000      1734.          6.14714840072E-05  6.14832795042E-05   1.00019
    39  600.0         4   3600.       4200.          3   3.000       4.000      1596.          6.31335896340E-05  6.09890271219E-05   0.96603
    40  600.0         4   3600.       4200.          4   4.000       5.000      1481.          6.59257016027E-05  6.18521126096E-05   0.93821
    41  600.0         4   3600.       4200.          5   5.000       6.000      1386.          6.87573945101E-05  6.28791805188E-05   0.91451
    42  600.0         4   3600.       4200.          6   6.000       7.000      1306.          7.13542245351E-05  6.39552871848E-05   0.89631
    43  600.0         4   3600.       4200.          7   7.000       8.000      1238.          7.37647453412E-05  6.48364041264E-05   0.87896
    44  600.0         4   3600.       4200.          8   8.000       9.000      1179.          7.60054839277E-05  6.57538835302E-05   0.86512
    45  600.0         4   3600.       4200.          9   9.000       10.00      1128.          7.79994737996E-05  6.58136461081E-05   0.84377
    46  1200.         4   3600.       4200.         10   10.00       12.00      1063.          8.08309000359E-05  6.70501398848E-05   0.82951
    47  1200.         4   3600.       4200.         11   12.00       14.00      990.5          8.41499174930E-05  6.81326786762E-05   0.80966
    48  1200.         4   3600.       4200.         12   14.00       16.00      931.1          8.70665915586E-05  7.00879852353E-05   0.80499
    49  600.0         5   4200.       4800.          1   1.000       2.000      2172.          1.75049218235E-05  1.86627407619E-05   1.06614
    50  600.0         5   4200.       4800.          2   2.000       3.000      2006.          1.56356773077E-05  1.59267996883E-05   1.01862
    51  600.0         5   4200.       4800.          3   3.000       4.000      1846.          1.61798242007E-05  1.58424502328E-05   0.97915
    52  600.0         5   4200.       4800.          4   4.000       5.000      1713.          1.69664999870E-05  1.61275587106E-05   0.95055
    53  600.0         5   4200.       4800.          5   5.000       6.000      1602.          1.77418415693E-05  1.63774257815E-05   0.92310
    54  600.0         5   4200.       4800.          6   6.000       7.000      1510.          1.84568249455E-05  1.65539992345E-05   0.89690
    55  600.0         5   4200.       4800.          7   7.000       8.000      1431.          1.91068764641E-05  1.67861624855E-05   0.87854
    56  600.0         5   4200.       4800.          8   8.000       9.000      1364.          1.97150482283E-05  1.69707168127E-05   0.86080
    57  600.0         5   4200.       4800.          9   9.000       10.00      1305.          2.02578919271E-05  1.71127199164E-05   0.84474
    58  1200.         5   4200.       4800.         10   10.00       12.00      1229.          2.10141709093E-05  1.74539132785E-05   0.83058
    59  1200.         5   4200.       4800.         11   12.00       14.00      1146.          2.19038188174E-05  1.77019962298E-05   0.80817
    60  1200.         5   4200.       4800.         12   14.00       16.00      1077.          2.27201909823E-05  1.80706141877E-05   0.79535
    61  600.0         6   4800.       5400.          1   1.000       2.000      2465.          4.62074927006E-06  5.04341910711E-06   1.09147
    62  600.0         6   4800.       5400.          2   2.000       3.000      2277.          4.17408646994E-06  4.32572238239E-06   1.03633
    63  600.0         6   4800.       5400.          3   3.000       4.000      2095.          4.34810557688E-06  4.31242362796E-06   0.99179
    64  600.0         6   4800.       5400.          4   4.000       5.000      1945.          4.57866576188E-06  4.35315784647E-06   0.95075
    65  600.0         6   4800.       5400.          5   5.000       6.000      1819.          4.80188082328E-06  4.42638319697E-06   0.92180
    66  600.0         6   4800.       5400.          6   6.000       7.000      1714.          5.00535000301E-06  4.52977076610E-06   0.90499
    67  600.0         6   4800.       5400.          7   7.000       8.000      1625.          5.19201306796E-06  4.49628414917E-06   0.86600
    68  600.0         6   4800.       5400.          8   8.000       9.000      1548.          5.35913372537E-06  4.62041216402E-06   0.86216
    69  600.0         6   4800.       5400.          9   9.000       10.00      1480.          5.51782430767E-06  4.68047826627E-06   0.84825
    70  1200.         6   4800.       5400.         10   10.00       12.00      1394.          5.72405874552E-06  4.72560970692E-06   0.82557
    71  1200.         6   4800.       5400.         11   12.00       14.00      1300.          5.98610063646E-06  4.79235933904E-06   0.80058
    72  1200.         6   4800.       5400.         12   14.00       16.00      1222.          6.20790702950E-06  4.82677271683E-06   0.77752
    73  600.0         7   5400.       6000.          1   1.000       2.000      2758.          1.24272012100E-06  1.38673664463E-06   1.11589
    74  600.0         7   5400.       6000.          2   2.000       3.000      2547.          1.13413004293E-06  1.19339561860E-06   1.05226
    75  600.0         7   5400.       6000.          3   3.000       4.000      2345.          1.18936815082E-06  1.19011557829E-06   1.00063
    76  600.0         7   5400.       6000.          4   4.000       5.000      2175.          1.25739824157E-06  1.21043808861E-06   0.96265
    77  600.0         7   5400.       6000.          5   5.000       6.000      2035.          1.32171179752E-06  1.22541274817E-06   0.92714
    78  600.0         7   5400.       6000.          6   6.000       7.000      1918.          1.38130738900E-06  1.24069934503E-06   0.89821
    79  600.0         7   5400.       6000.          7   7.000       8.000      1817.          1.43353052874E-06  1.25922572090E-06   0.87841
    80  600.0         7   5400.       6000.          8   8.000       9.000      1731.          1.48307683571E-06  1.27022365129E-06   0.85648
    81  600.0         7   5400.       6000.          9   9.000       10.00      1655.          1.52828901086E-06  1.30461418527E-06   0.85364
    82  1200.         7   5400.       6000.         10   10.00       12.00      1560.          1.58877142602E-06  1.29653377035E-06   0.81606
    83  1200.         7   5400.       6000.         11   12.00       14.00      1454.          1.66106248641E-06  1.30180039702E-06   0.78372
    84  1200.         7   5400.       6000.         12   14.00       16.00      1367.          1.72211329033E-06  1.32597734655E-06   0.76997
