
 ##################################################################################
 # [fnlo-read] Program Steering
 #---------------------------------------------------------------------------------
 # [fnlo-read] Evaluating table: InclusiveNJetEvents_fnl5622i_v23_fix.tab
 # WARNING! [fnlo-read] No PDF set given,
 # [fnlo-read]  taking CT10nlo.LHgrid instead!
 # [fnlo-read] No request given for number of scale settings,
 #             investigating primary scale only.
 # [fnlo-read] No request given for alpha_s evolution code,
 #             using GRV default.
 ##################################################################################

 ##################################################################################
 # 
 # [0;31mfast[0;34mNLO[0m_toolkit
 # Version 2.3.1pre_2125
 # 
 # C++ program and toolkit to read and create fastNLO v2 tables and
 # derive QCD cross sections using PDFs, e.g. from LHAPDF
 # 
 #---------------------------------------------------------------------------------
 # 
 # Copyright © 2005-2015 [0;31mfast[0;34mNLO[0m Collaboration
 # D. Britzger, T. Kluge, K. Rabbertz, F. Stober, G. Sieber, M. Wobisch
 # 
 # This program is free software: you can redistribute it and/or modify
 # it under the terms of the GNU General Public License as published by
 # the Free Software Foundation, either version 3 of the License, or
 # (at your option) any later version.
 # 
 # This program is distributed in the hope that it will be useful,
 # but WITHOUT ANY WARRANTY; without even the implied warranty of
 # MERCHANTABILITY or FITNESS FOR A PARTICULAR PURPOSE. See the
 # GNU General Public License for more details.
 # 
 # You should have received a copy of the GNU General Public License
 # along with this program. If not, see <http://www.gnu.org/licenses/>.
 # 
 #---------------------------------------------------------------------------------
 # 
 # The projects web page can be found at:
 #   http://projects.hepforge.org/fastnlo
 # 
 # If you use this code, please cite:
 #   T. Kluge, K. Rabbertz, M. Wobisch, hep-ph/0609285
 #   D. Britzger, T. Kluge, K. Rabbertz, F. Stober, M. Wobisch, arXiv:1109.1310
 # 
 ##################################################################################

 ##################################################################################
 # Overview on contribution types and numbers contained in table:
 #---------------------------------------------------------------------------------
 # Number of contributions:  2
 #   No.: 1, type: Fixed order calculation, Id: 0, order: LO, by: NLOJet++_4.1.3
 #   No.: 2, type: Fixed order calculation, Id: 1, order: NLO, by: NLOJet++_4.1.3
 ##################################################################################

 ##################################################################################
 # Information on fastNLO scenario: fnl5622i_v23_fix
 #---------------------------------------------------------------------------------
 # Description:
 #   d2sigma-dijet_dChi_dMjj_[pb_GeV]
 #   CMS_Collaboration
 #   Dijet_Chi
 #   anti-kT_R=0.5
 #   THEORY_LABEL=NLOJet++
 #   provided by:
 #   fastNLO_2.3.1
 #   If you use this table, please cite:
 #     D. Britzger, T. Kluge, K. Rabbertz, F. Stober, M. Wobisch, arXiv:1109.1310
 #
 # Centre-of-mass energy Ecms:  1.300e+04 GeV
 #
 # Tot. no. of observable bins:  84 in 2 dimensions:
 #
 # No. of contributions: 2
 # Contribution 1:
 #   LO
 #   No. of events:      30000000000.
 #   provided by:
 #   NLOJet++_4.1.3
 #   Z. Nagy, Phys. Rev. Lett. 88 (2002) 122003,
 #   Z. Nagy, Phys. Rev. D 68 (2003) 094002.
 #   Scale dimensions: 1
 #     Scale description for dimension 1:          <pT_1,2>_[GeV]
 #     Number of scale variations for dimension 1: 1
 #     Available scale settings for dimension 1:
 #       Scale factor number 1:                       1.0000
 #     Number of scale nodes for dimension 1:      6
 # Contribution 2:
 #   NLO
 #   No. of events:      31500000000.
 #   provided by:
 #   NLOJet++_4.1.3
 #   Z. Nagy, Phys. Rev. Lett. 88 (2002) 122003,
 #   Z. Nagy, Phys. Rev. D 68 (2003) 094002.
 #   Scale dimensions: 1
 #     Scale description for dimension 1:          <pT_1,2>_[GeV]
 #     Number of scale variations for dimension 1: 3
 #     Available scale settings for dimension 1:
 #       Scale factor number 1:                       1.0000
 #       Scale factor number 2:                       0.5000
 #       Scale factor number 3:                       2.0000
 #     Number of scale nodes for dimension 1:      6
 # 
 ##################################################################################
 *************************************
 *       LHAPDF Version 5.9.1        *
 *   Configured for the following:   *
 *             All PDFs              *
 *         FULL MEMORY option        *
 *    Maximum  3 concurrent set(s)   *
 *************************************

 >>>>>> PDF description: <<<<<<
 CT10 NEW CT12 grid type                                         
 H.-L.Lai, M.Guzzi, J. Huston, Z.Li,                             
 P.M.Nadolsky, J.Pumplin and C.-P.Yuan.                          
 Reference: arXiv:1007.2241                                      
 PDF fits using the standard CTEQ PDF evolution                  
 but using the HOPPET alphas_s running solution.                 
 Excluding the D0 Run-II W asymmetry data.                       
 This set has 52 member PDFs.                                    
     mem=0 --> central value                                     
     mem=1-52 --> eigenvector sets                               
 >>>>>>                   <<<<<<


 ##################################################################################
 # [ALPHAS-GRV] First call:
 ##################################################################################
 # [ALPHAS-GRV] PI              =  3.141592653589793
 # [ALPHAS-GRV] M_Z/GeV         = 91.187600
 # [ALPHAS-GRV] a_s(M_Z)        =  0.118400
 # [ALPHAS-GRV] a_s loop        =  2
 # [ALPHAS-GRV] flavor-matching =    F
 # [ALPHAS-GRV] nf (M_Z)        =  5
 ##################################################################################

 ##################################################################################################################################################################
 # [fnlo-read] Calculate my cross sections
 ##################################################################################################################################################################
 #=================================================================================================================================================================
 # My Cross Sections
 # The scale factors xmur, xmuf chosen here are:      1.000,      1.000
 #-----------------------------------------------------------------------------------------------------------------------------------------------------------------
 #IObs  Bin Size IODimO  [ Mjj_[GeV]         ]  IODimI  [ Chi               ]  <<pT_1,2>_[Ge>  LO cross section   NLO cross section   KNLO
 #-----------------------------------------------------------------------------------------------------------------------------------------------------------------
     1  500.0         1   1900.       2400.          1   1.000       2.000      1024.          7.67793788004E-03  8.00971939950E-03   1.04321
     2  500.0         1   1900.       2400.          2   2.000       3.000      945.5          6.55366292203E-03  6.70008042915E-03   1.02234
     3  500.0         1   1900.       2400.          3   3.000       4.000      870.3          6.58018709990E-03  6.58891378869E-03   1.00133
     4  500.0         1   1900.       2400.          4   4.000       5.000      807.4          6.77585712286E-03  6.66556856026E-03   0.98372
     5  500.0         1   1900.       2400.          5   5.000       6.000      755.3          6.99800823959E-03  6.79320730063E-03   0.97073
     6  500.0         1   1900.       2400.          6   6.000       7.000      711.7          7.21372731696E-03  6.88920120560E-03   0.95501
     7  500.0         1   1900.       2400.          7   7.000       8.000      674.8          7.42000882498E-03  6.97904307913E-03   0.94057
     8  500.0         1   1900.       2400.          8   8.000       9.000      642.7          7.60711226229E-03  7.07549337017E-03   0.93012
     9  500.0         1   1900.       2400.          9   9.000       10.00      615.0          7.78484669576E-03  7.18128374078E-03   0.92247
    10  1000.         1   1900.       2400.         10   10.00       12.00      579.1          8.02773636171E-03  7.30488061227E-03   0.90996
    11  1000.         1   1900.       2400.         11   12.00       14.00      540.1          8.31691062445E-03  7.41997721415E-03   0.89216
    12  1000.         1   1900.       2400.         12   14.00       16.00      507.4          8.57890768257E-03  7.53724112979E-03   0.87858
    13  600.0         2   2400.       3000.          1   1.000       2.000      1285.          1.53627170561E-03  1.63213342309E-03   1.06240
    14  600.0         2   2400.       3000.          2   2.000       3.000      1186.          1.32436609223E-03  1.37416627477E-03   1.03760
    15  600.0         2   2400.       3000.          3   3.000       4.000      1092.          1.33887974248E-03  1.35714491695E-03   1.01364
    16  600.0         2   2400.       3000.          4   4.000       5.000      1013.          1.38407126770E-03  1.37413771694E-03   0.99282
    17  600.0         2   2400.       3000.          5   5.000       6.000      947.7          1.43364353922E-03  1.39627236607E-03   0.97393
    18  600.0         2   2400.       3000.          6   6.000       7.000      893.2          1.48070720571E-03  1.42460452739E-03   0.96211
    19  600.0         2   2400.       3000.          7   7.000       8.000      846.3          1.52543741465E-03  1.44405800164E-03   0.94665
    20  600.0         2   2400.       3000.          8   8.000       9.000      806.7          1.56650740407E-03  1.46055205469E-03   0.93236
    21  600.0         2   2400.       3000.          9   9.000       10.00      771.6          1.60473978060E-03  1.48286088315E-03   0.92405
    22  1200.         2   2400.       3000.         10   10.00       12.00      727.0          1.65716090167E-03  1.50802099677E-03   0.91000
    23  1200.         2   2400.       3000.         11   12.00       14.00      677.5          1.71894741637E-03  1.52935089408E-03   0.88970
    24  1200.         2   2400.       3000.         12   14.00       16.00      637.1          1.77547291164E-03  1.56915356667E-03   0.88379
    25  600.0         3   3000.       3600.          1   1.000       2.000      1581.          3.13598260820E-04  3.40067792535E-04   1.08441
    26  600.0         3   3000.       3600.          2   2.000       3.000      1460.          2.73293737981E-04  2.87615595018E-04   1.05240
    27  600.0         3   3000.       3600.          3   3.000       4.000      1344.          2.78363859607E-04  2.85255672054E-04   1.02476
    28  600.0         3   3000.       3600.          4   4.000       5.000      1247.          2.89054533048E-04  2.89955749876E-04   1.00312
    29  600.0         3   3000.       3600.          5   5.000       6.000      1167.          3.00306408653E-04  2.94813178633E-04   0.98171
    30  600.0         3   3000.       3600.          6   6.000       7.000      1099.          3.10958470908E-04  3.00383315689E-04   0.96599
    31  600.0         3   3000.       3600.          7   7.000       8.000      1042.          3.20816366705E-04  3.04170392599E-04   0.94811
    32  600.0         3   3000.       3600.          8   8.000       9.000      992.5          3.30120135047E-04  3.11553407879E-04   0.94376
    33  600.0         3   3000.       3600.          9   9.000       10.00      949.2          3.38383315172E-04  3.11613030945E-04   0.92089
    34  1200.         3   3000.       3600.         10   10.00       12.00      894.9          3.49985543442E-04  3.17607249084E-04   0.90749
    35  1200.         3   3000.       3600.         11   12.00       14.00      833.9          3.63497360690E-04  3.23332834131E-04   0.88951
    36  1200.         3   3000.       3600.         12   14.00       16.00      783.9          3.75954257625E-04  3.31265460116E-04   0.88113
    37  600.0         4   3600.       4200.          1   1.000       2.000      1876.          7.38177819767E-05  8.18110957339E-05   1.10828
    38  600.0         4   3600.       4200.          2   2.000       3.000      1733.          6.50333004269E-05  6.96637593289E-05   1.07120
    39  600.0         4   3600.       4200.          3   3.000       4.000      1595.          6.66726846726E-05  6.90908765711E-05   1.03627
    40  600.0         4   3600.       4200.          4   4.000       5.000      1480.          6.95694211422E-05  7.03840349114E-05   1.01171
    41  600.0         4   3600.       4200.          5   5.000       6.000      1384.          7.24879112169E-05  7.15220294071E-05   0.98668
    42  600.0         4   3600.       4200.          6   6.000       7.000      1304.          7.52281584918E-05  7.29430590103E-05   0.96962
    43  600.0         4   3600.       4200.          7   7.000       8.000      1236.          7.77366017102E-05  7.43073865961E-05   0.95589
    44  600.0         4   3600.       4200.          8   8.000       9.000      1178.          8.00187341757E-05  7.50035833192E-05   0.93733
    45  600.0         4   3600.       4200.          9   9.000       10.00      1127.          8.21632295727E-05  7.61907945234E-05   0.92731
    46  1200.         4   3600.       4200.         10   10.00       12.00      1061.          8.51044530846E-05  7.72106643880E-05   0.90725
    47  1200.         4   3600.       4200.         11   12.00       14.00      989.1          8.86357753263E-05  7.94650404169E-05   0.89653
    48  1200.         4   3600.       4200.         12   14.00       16.00      929.5          9.16241795284E-05  8.07799788796E-05   0.88164
    49  600.0         5   4200.       4800.          1   1.000       2.000      2170.          1.90006659681E-05  2.15009694462E-05   1.13159
    50  600.0         5   4200.       4800.          2   2.000       3.000      2004.          1.69042964441E-05  1.83828565856E-05   1.08747
    51  600.0         5   4200.       4800.          3   3.000       4.000      1845.          1.74527804638E-05  1.83296511992E-05   1.05024
    52  600.0         5   4200.       4800.          4   4.000       5.000      1712.          1.82772874653E-05  1.86045748898E-05   1.01791
    53  600.0         5   4200.       4800.          5   5.000       6.000      1601.          1.90932943719E-05  1.90407079491E-05   0.99725
    54  600.0         5   4200.       4800.          6   6.000       7.000      1509.          1.98559122455E-05  1.93034369955E-05   0.97218
    55  600.0         5   4200.       4800.          7   7.000       8.000      1430.          2.05506458530E-05  1.95556036914E-05   0.95158
    56  600.0         5   4200.       4800.          8   8.000       9.000      1363.          2.11758378116E-05  1.99336390028E-05   0.94134
    57  600.0         5   4200.       4800.          9   9.000       10.00      1303.          2.17929954390E-05  2.03074288248E-05   0.93183
    58  1200.         5   4200.       4800.         10   10.00       12.00      1228.          2.25873899399E-05  2.03661444001E-05   0.90166
    59  1200.         5   4200.       4800.         11   12.00       14.00      1144.          2.35521796433E-05  2.08856580655E-05   0.88678
    60  1200.         5   4200.       4800.         12   14.00       16.00      1075.          2.43956621800E-05  2.14007021229E-05   0.87723
    61  600.0         6   4800.       5400.          1   1.000       2.000      2463.          5.13564694575E-06  5.95114798346E-06   1.15879
    62  600.0         6   4800.       5400.          2   2.000       3.000      2275.          4.61375924656E-06  5.09817495379E-06   1.10499
    63  600.0         6   4800.       5400.          3   3.000       4.000      2094.          4.78806814341E-06  5.08667836988E-06   1.06237
    64  600.0         6   4800.       5400.          4   4.000       5.000      1943.          5.03424696363E-06  5.16513656308E-06   1.02600
    65  600.0         6   4800.       5400.          5   5.000       6.000      1818.          5.27454018761E-06  5.26158339820E-06   0.99754
    66  600.0         6   4800.       5400.          6   6.000       7.000      1713.          5.49598674142E-06  5.38121360818E-06   0.97912
    67  600.0         6   4800.       5400.          7   7.000       8.000      1623.          5.69792668242E-06  5.45103275087E-06   0.95667
    68  600.0         6   4800.       5400.          8   8.000       9.000      1547.          5.87993756607E-06  5.48825862409E-06   0.93339
    69  600.0         6   4800.       5400.          9   9.000       10.00      1478.          6.05979083770E-06  5.62261085005E-06   0.92786
    70  1200.         6   4800.       5400.         10   10.00       12.00      1393.          6.28522349679E-06  5.68340454515E-06   0.90425
    71  1200.         6   4800.       5400.         11   12.00       14.00      1299.          6.55693590400E-06  5.74532441829E-06   0.87622
    72  1200.         6   4800.       5400.         12   14.00       16.00      1221.          6.81020324910E-06  5.77877528902E-06   0.84855
    73  600.0         7   5400.       6000.          1   1.000       2.000      2757.          1.41241006339E-06  1.67001555264E-06   1.18239
    74  600.0         7   5400.       6000.          2   2.000       3.000      2546.          1.27967477668E-06  1.43767817579E-06   1.12347
    75  600.0         7   5400.       6000.          3   3.000       4.000      2343.          1.33617756216E-06  1.43729691609E-06   1.07568
    76  600.0         7   5400.       6000.          4   4.000       5.000      2174.          1.41036868077E-06  1.45991260166E-06   1.03513
    77  600.0         7   5400.       6000.          5   5.000       6.000      2033.          1.48149338235E-06  1.49070419722E-06   1.00622
    78  600.0         7   5400.       6000.          6   6.000       7.000      1916.          1.54570368291E-06  1.50847298400E-06   0.97591
    79  600.0         7   5400.       6000.          7   7.000       8.000      1815.          1.60380221005E-06  1.53853570117E-06   0.95931
    80  600.0         7   5400.       6000.          8   8.000       9.000      1729.          1.66006510575E-06  1.54546941387E-06   0.93097
    81  600.0         7   5400.       6000.          9   9.000       10.00      1654.          1.70901574677E-06  1.59602684717E-06   0.93389
    82  1200.         7   5400.       6000.         10   10.00       12.00      1558.          1.77569637693E-06  1.59978564454E-06   0.90093
    83  1200.         7   5400.       6000.         11   12.00       14.00      1453.          1.85678132387E-06  1.61004520348E-06   0.86712
    84  1200.         7   5400.       6000.         12   14.00       16.00      1365.          1.92828409280E-06  1.64723378155E-06   0.85425
