
 ##################################################################################
 # [fnlo-read] fastNLO Reader
 #---------------------------------------------------------------------------------
 # [fnlo-read] Evaluating table: InclusiveNJetEvents_fnl5662i_v23_fix.tab
 # [fnlo-read] No PDF set given, taking CT10nlo instead!
 # [fnlo-read] No request given for number of scale settings,
 #             investigating primary scale only.
 # [fnlo-read] No request given for alpha_s evolution code,
 #             using GRV default.
 ##################################################################################

 ##################################################################################
 #
 # [0;31mfast[0;34mNLO[0m_toolkit
 # Version 2.3.1pre_2195
 #
 # C++ program and toolkit to read and create fastNLO v2 tables and
 # derive QCD cross sections using PDFs, e.g. from LHAPDF
 #
 #---------------------------------------------------------------------------------
 #
 # Copyright © 2005-2015 [0;31mfast[0;34mNLO[0m Collaboration
 # D. Britzger, T. Kluge, K. Rabbertz, F. Stober, G. Sieber, M. Wobisch
 #
 # This program is free software: you can redistribute it and/or modify
 # it under the terms of the GNU General Public License as published by
 # the Free Software Foundation, either version 3 of the License, or
 # (at your option) any later version.
 #
 # This program is distributed in the hope that it will be useful,
 # but WITHOUT ANY WARRANTY; without even the implied warranty of
 # MERCHANTABILITY or FITNESS FOR A PARTICULAR PURPOSE. See the
 # GNU General Public License for more details.
 #
 # You should have received a copy of the GNU General Public License
 # along with this program. If not, see <http://www.gnu.org/licenses/>.
 #
 #---------------------------------------------------------------------------------
 #
 # The projects web page can be found at:
 #   http://projects.hepforge.org/fastnlo
 #
 # If you use this code, please cite:
 #   T. Kluge, K. Rabbertz, M. Wobisch, hep-ph/0609285
 #   D. Britzger, T. Kluge, K. Rabbertz, F. Stober, M. Wobisch, arXiv:1109.1310
 #
 ##################################################################################

 ##################################################################################
 # Overview on contribution types and numbers contained in table:
 #---------------------------------------------------------------------------------
 # Number of contributions:  2
 #   No.: 1, type: Fixed order calculation, Id: 0, order: LO, by: NLOJet++_4.1.3
 #   No.: 2, type: Fixed order calculation, Id: 1, order: NLO, by: NLOJet++_4.1.3
 ##################################################################################

 ##################################################################################
 # Information on fastNLO scenario: fnl5662i_v23_fix
 #---------------------------------------------------------------------------------
 # Description:
 #   d2sigma-dijet_dChi_dMjj_[pb_GeV]
 #   CMS_Collaboration
 #   Dijet_Chi
 #   anti-kT_R=0.4
 #   THEORY_LABEL=NLOJet++
 #   provided by:
 #   fastNLO_2.3.1
 #   If you use this table, please cite:
 #     D. Britzger, T. Kluge, K. Rabbertz, F. Stober, M. Wobisch, arXiv:1109.1310
 #
 # Centre-of-mass energy Ecms:  1.300e+04 GeV
 #
 # Tot. no. of observable bins:  84 in 2 dimensions:
 #
 # No. of contributions: 2
 # Contribution 1:
 #   LO
 #   No. of events:      30000000000.
 #   provided by:
 #   NLOJet++_4.1.3
 #   Z. Nagy, Phys. Rev. Lett. 88 (2002) 122003,
 #   Z. Nagy, Phys. Rev. D 68 (2003) 094002.
 #   Scale dimensions: 1
 #     Scale description for dimension 1:          <pT_1,2>_[GeV]
 #     Number of scale variations for dimension 1: 1
 #     Available scale settings for dimension 1:
 #       Scale factor number 1:                       1.0000
 #     Number of scale nodes for dimension 1:      6
 #   PDF dimensions: 2
 #     x-interpolation storage format: Half-Matrix
 #     Number of x1 nodes range from 15 to 15
 # Contribution 2:
 #   NLO
 #   No. of events:      32300000000.
 #   provided by:
 #   NLOJet++_4.1.3
 #   Z. Nagy, Phys. Rev. Lett. 88 (2002) 122003,
 #   Z. Nagy, Phys. Rev. D 68 (2003) 094002.
 #   Scale dimensions: 1
 #     Scale description for dimension 1:          <pT_1,2>_[GeV]
 #     Number of scale variations for dimension 1: 3
 #     Available scale settings for dimension 1:
 #       Scale factor number 1:                       1.0000
 #       Scale factor number 2:                       0.5000
 #       Scale factor number 3:                       2.0000
 #     Number of scale nodes for dimension 1:      6
 #   PDF dimensions: 2
 #     x-interpolation storage format: Half-Matrix
 #     Number of x1 nodes range from 15 to 15
 #
 ##################################################################################
LHAPDF 6.1.5 loading /home/rabbertz/local/share/LHAPDF/CT10nlo/CT10nlo_0000.dat
CT10nlo PDF set, member #0, version 4; LHAPDF ID = 11000
LHAPDF 6.1.5 loading /home/rabbertz/local/share/LHAPDF/CT10nlo/CT10nlo_0000.dat
CT10nlo PDF set, member #0, version 4; LHAPDF ID = 11000

 ##################################################################################
 # [ALPHAS-GRV] First call:
 ##################################################################################
 # [ALPHAS-GRV] PI              =  3.141592653589793
 # [ALPHAS-GRV] M_Z/GeV         = 91.187600
 # [ALPHAS-GRV] a_s(M_Z)        =  0.118400
 # [ALPHAS-GRV] a_s loop        =  2
 # [ALPHAS-GRV] flavor-matching =    F
 # [ALPHAS-GRV] nf (M_Z)        =  5
 ##################################################################################

 ##################################################################################################################################################################
 # [fnlo-read] Calculate my cross sections
 ##################################################################################################################################################################
 #=================================================================================================================================================================
 # My Cross Sections
 # The scale factors xmur, xmuf chosen here are:      1.000,      1.000
 #-----------------------------------------------------------------------------------------------------------------------------------------------------------------
 #IObs  Bin Size IODimO  [ Mjj_[GeV]         ]  IODimI  [ Chi               ]  <<pT_1,2>_[Ge>  LO cross section   NLO cross section   KNLO
 #-----------------------------------------------------------------------------------------------------------------------------------------------------------------
     1  500.0         1   1900.       2400.          1   1.000       2.000      1025.          7.67826365799E-03  7.46127071546E-03   0.97174
     2  500.0         1   1900.       2400.          2   2.000       3.000      947.4          6.55320814300E-03  6.22992222806E-03   0.95067
     3  500.0         1   1900.       2400.          3   3.000       4.000      872.0          6.58215302528E-03  6.10846113240E-03   0.92803
     4  500.0         1   1900.       2400.          4   4.000       5.000      809.0          6.77681150288E-03  6.16715326957E-03   0.91004
     5  500.0         1   1900.       2400.          5   5.000       6.000      757.1          6.99737867295E-03  6.24180574207E-03   0.89202
     6  500.0         1   1900.       2400.          6   6.000       7.000      713.3          7.21600289956E-03  6.34839219546E-03   0.87977
     7  500.0         1   1900.       2400.          7   7.000       8.000      676.5          7.41807561329E-03  6.42048790181E-03   0.86552
     8  500.0         1   1900.       2400.          8   8.000       9.000      644.2          7.61136625735E-03  6.49851894791E-03   0.85379
     9  500.0         1   1900.       2400.          9   9.000       10.00      616.3          7.78684345877E-03  6.58759960780E-03   0.84599
    10  1000.         1   1900.       2400.         10   10.00       12.00      581.0          8.02793302577E-03  6.66172883464E-03   0.82982
    11  1000.         1   1900.       2400.         11   12.00       14.00      541.1          8.31931843795E-03  6.79518188970E-03   0.81680
    12  1000.         1   1900.       2400.         12   14.00       16.00      508.9          8.57661298043E-03  6.85502497364E-03   0.79927
    13  600.0         2   2400.       3000.          1   1.000       2.000      1286.          1.53651663115E-03  1.52233725037E-03   0.99077
    14  600.0         2   2400.       3000.          2   2.000       3.000      1189.          1.32433156306E-03  1.27643662149E-03   0.96383
    15  600.0         2   2400.       3000.          3   3.000       4.000      1094.          1.33920109514E-03  1.26071597346E-03   0.94139
    16  600.0         2   2400.       3000.          4   4.000       5.000      1015.          1.38419739192E-03  1.27190575568E-03   0.91888
    17  600.0         2   2400.       3000.          5   5.000       6.000      949.7          1.43336980861E-03  1.28891831194E-03   0.89922
    18  600.0         2   2400.       3000.          6   6.000       7.000      894.8          1.48094004636E-03  1.31418661972E-03   0.88740
    19  600.0         2   2400.       3000.          7   7.000       8.000      848.3          1.52573416086E-03  1.32442401318E-03   0.86806
    20  600.0         2   2400.       3000.          8   8.000       9.000      808.0          1.56629163730E-03  1.34892992897E-03   0.86123
    21  600.0         2   2400.       3000.          9   9.000       10.00      773.1          1.60429283877E-03  1.35808457562E-03   0.84653
    22  1200.         2   2400.       3000.         10   10.00       12.00      728.3          1.65700415127E-03  1.38324807467E-03   0.83479
    23  1200.         2   2400.       3000.         11   12.00       14.00      678.7          1.71979357615E-03  1.42156950375E-03   0.82659
    24  1200.         2   2400.       3000.         12   14.00       16.00      637.7          1.77516118568E-03  1.42149153396E-03   0.80077
    25  600.0         3   3000.       3600.          1   1.000       2.000      1583.          3.13606132905E-04  3.17182388812E-04   1.01140
    26  600.0         3   3000.       3600.          2   2.000       3.000      1463.          2.73316441201E-04  2.67939484973E-04   0.98033
    27  600.0         3   3000.       3600.          3   3.000       4.000      1346.          2.78373201581E-04  2.64865492316E-04   0.95148
    28  600.0         3   3000.       3600.          4   4.000       5.000      1249.          2.89117097858E-04  2.68625902674E-04   0.92912
    29  600.0         3   3000.       3600.          5   5.000       6.000      1168.          3.00376250378E-04  2.73080018586E-04   0.90913
    30  600.0         3   3000.       3600.          6   6.000       7.000      1101.          3.10945693029E-04  2.75993663803E-04   0.88759
    31  600.0         3   3000.       3600.          7   7.000       8.000      1044.          3.20870660448E-04  2.80126129603E-04   0.87302
    32  600.0         3   3000.       3600.          8   8.000       9.000      994.5          3.29956688627E-04  2.84759380702E-04   0.86302
    33  600.0         3   3000.       3600.          9   9.000       10.00      951.3          3.38440283547E-04  2.87187912608E-04   0.84856
    34  1200.         3   3000.       3600.         10   10.00       12.00      896.4          3.49838469067E-04  2.92155166431E-04   0.83511
    35  1200.         3   3000.       3600.         11   12.00       14.00      835.4          3.63697393586E-04  2.95981874965E-04   0.81381
    36  1200.         3   3000.       3600.         12   14.00       16.00      785.0          3.75928737324E-04  3.02932765768E-04   0.80582
    37  600.0         4   3600.       4200.          1   1.000       2.000      1878.          7.38407970429E-05  7.64455107735E-05   1.03527
    38  600.0         4   3600.       4200.          2   2.000       3.000      1735.          6.50349521675E-05  6.47496341359E-05   0.99561
    39  600.0         4   3600.       4200.          3   3.000       4.000      1597.          6.66797591056E-05  6.41785766688E-05   0.96249
    40  600.0         4   3600.       4200.          4   4.000       5.000      1482.          6.95609865887E-05  6.50682281723E-05   0.93541
    41  600.0         4   3600.       4200.          5   5.000       6.000      1386.          7.25046520061E-05  6.61510634991E-05   0.91237
    42  600.0         4   3600.       4200.          6   6.000       7.000      1306.          7.52128122635E-05  6.72680316121E-05   0.89437
    43  600.0         4   3600.       4200.          7   7.000       8.000      1238.          7.77302407978E-05  6.82079662039E-05   0.87750
    44  600.0         4   3600.       4200.          8   8.000       9.000      1179.          8.00729699702E-05  6.91829925647E-05   0.86400
    45  600.0         4   3600.       4200.          9   9.000       10.00      1129.          8.21566773142E-05  6.92701532379E-05   0.84315
    46  1200.         4   3600.       4200.         10   10.00       12.00      1064.          8.51174423081E-05  7.05725991551E-05   0.82912
    47  1200.         4   3600.       4200.         11   12.00       14.00      990.8          8.85915003812E-05  7.17141647153E-05   0.80949
    48  1200.         4   3600.       4200.         12   14.00       16.00      931.5          9.16435704614E-05  7.37584878043E-05   0.80484
    49  600.0         5   4200.       4800.          1   1.000       2.000      2172.          1.90055178219E-05  2.01024216344E-05   1.05772
    50  600.0         5   4200.       4800.          2   2.000       3.000      2007.          1.69061638506E-05  1.71182296430E-05   1.01254
    51  600.0         5   4200.       4800.          3   3.000       4.000      1847.          1.74519769759E-05  1.70091198697E-05   0.97462
    52  600.0         5   4200.       4800.          4   4.000       5.000      1713.          1.82757606628E-05  1.73047750083E-05   0.94687
    53  600.0         5   4200.       4800.          5   5.000       6.000      1603.          1.90956019012E-05  1.75729796650E-05   0.92026
    54  600.0         5   4200.       4800.          6   6.000       7.000      1511.          1.98551810765E-05  1.77666172962E-05   0.89481
    55  600.0         5   4200.       4800.          7   7.000       8.000      1432.          2.05476324616E-05  1.80101236932E-05   0.87651
    56  600.0         5   4200.       4800.          8   8.000       9.000      1365.          2.11969218348E-05  1.82179524929E-05   0.85946
    57  600.0         5   4200.       4800.          9   9.000       10.00      1306.          2.17770707161E-05  1.83685808605E-05   0.84348
    58  1200.         5   4200.       4800.         10   10.00       12.00      1229.          2.25860458697E-05  1.87405919076E-05   0.82974
    59  1200.         5   4200.       4800.         11   12.00       14.00      1146.          2.35383464199E-05  1.90125462027E-05   0.80773
    60  1200.         5   4200.       4800.         12   14.00       16.00      1077.          2.44122368320E-05  1.94127381981E-05   0.79521
    61  600.0         6   4800.       5400.          1   1.000       2.000      2466.          5.13529359288E-06  5.55141681320E-06   1.08103
    62  600.0         6   4800.       5400.          2   2.000       3.000      2278.          4.61294677392E-06  4.74693732039E-06   1.02905
    63  600.0         6   4800.       5400.          3   3.000       4.000      2096.          4.78991685269E-06  4.72481814004E-06   0.98641
    64  600.0         6   4800.       5400.          4   4.000       5.000      1945.          5.03523411087E-06  4.76778687048E-06   0.94688
    65  600.0         6   4800.       5400.          5   5.000       6.000      1820.          5.27534181003E-06  4.84579268473E-06   0.91857
    66  600.0         6   4800.       5400.          6   6.000       7.000      1715.          5.49531565576E-06  4.95972262753E-06   0.90254
    67  600.0         6   4800.       5400.          7   7.000       8.000      1626.          5.69807200467E-06  4.92538714101E-06   0.86440
    68  600.0         6   4800.       5400.          8   8.000       9.000      1548.          5.87994093477E-06  5.06088717586E-06   0.86070
    69  600.0         6   4800.       5400.          9   9.000       10.00      1481.          6.05320233089E-06  5.12574043859E-06   0.84678
    70  1200.         6   4800.       5400.         10   10.00       12.00      1394.          6.27878155662E-06  5.17814191690E-06   0.82470
    71  1200.         6   4800.       5400.         11   12.00       14.00      1300.          6.56588485360E-06  5.25046921167E-06   0.79966
    72  1200.         6   4800.       5400.         12   14.00       16.00      1223.          6.80943667660E-06  5.29464646955E-06   0.77755
    73  600.0         7   5400.       6000.          1   1.000       2.000      2759.          1.41245975680E-06  1.55915433593E-06   1.10386
    74  600.0         7   5400.       6000.          2   2.000       3.000      2548.          1.27980226170E-06  1.33627389675E-06   1.04413
    75  600.0         7   5400.       6000.          3   3.000       4.000      2345.          1.33678524729E-06  1.32971485323E-06   0.99471
    76  600.0         7   5400.       6000.          4   4.000       5.000      2175.          1.41030750172E-06  1.35170708942E-06   0.95845
    77  600.0         7   5400.       6000.          5   5.000       6.000      2035.          1.48067640148E-06  1.36835276184E-06   0.92414
    78  600.0         7   5400.       6000.          6   6.000       7.000      1918.          1.54631830263E-06  1.38477377556E-06   0.89553
    79  600.0         7   5400.       6000.          7   7.000       8.000      1818.          1.60404686073E-06  1.40665396883E-06   0.87694
    80  600.0         7   5400.       6000.          8   8.000       9.000      1731.          1.65902089762E-06  1.41847784627E-06   0.85501
    81  600.0         7   5400.       6000.          9   9.000       10.00      1656.          1.70932887923E-06  1.45688231304E-06   0.85231
    82  1200.         7   5400.       6000.         10   10.00       12.00      1560.          1.77679369003E-06  1.44919866786E-06   0.81563
    83  1200.         7   5400.       6000.         11   12.00       14.00      1455.          1.85767398068E-06  1.45671908387E-06   0.78416
    84  1200.         7   5400.       6000.         12   14.00       16.00      1367.          1.92622826979E-06  1.48497025384E-06   0.77092
